2020/05/28 01:29:02 [notice] 7565#7565: signal process started
2020/05/28 01:29:03 [notice] 8186#8186: signal process started
2020/05/28 01:58:20 [emerg] 27400#27400: no "events" section in configuration
2020/05/28 01:58:20 [notice] 27403#27403: signal process started
2020/05/28 01:59:41 [alert] 31637#31637: worker process 31653 exited on signal 6 (core dumped)
2020/05/28 02:36:57 [emerg] 7486#7486: no "events" section in configuration
2020/05/28 02:36:57 [notice] 7489#7489: signal process started
2020/05/28 02:39:00 [emerg] 14815#14815: unexpected "{" in /home/streamcreed/nginx/conf/nginx.conf:42
2020/05/28 02:39:01 [notice] 15079#15079: signal process started
2020/05/28 02:39:01 [notice] 15615#15615: signal process started
2020/05/28 02:39:01 [notice] 16146#16146: signal process started
2020/05/28 02:39:01 [emerg] 16708#16708: SSL_CTX_use_PrivateKey("/home/streamcreed/nginx/conf/server.key") failed (SSL: error:0B080074:x509 certificate routines:X509_check_private_key:key values mismatch)
2020/05/28 02:39:02 [emerg] 16803#16803: SSL_CTX_use_PrivateKey("/home/streamcreed/nginx/conf/server.key") failed (SSL: error:0B080074:x509 certificate routines:X509_check_private_key:key values mismatch)
2020/05/28 02:39:02 [emerg] 16807#16807: SSL_CTX_use_PrivateKey("/home/streamcreed/nginx/conf/server.key") failed (SSL: error:0B080074:x509 certificate routines:X509_check_private_key:key values mismatch)
2020/05/28 02:39:02 [notice] 16811#16811: signal process started
2020/05/28 02:39:02 [alert] 1518#1518: worker process 15619 exited on signal 6 (core dumped)
2020/05/28 02:39:03 [notice] 17493#17493: signal process started
2020/05/28 02:39:05 [notice] 18258#18258: signal process started
2020/05/28 02:39:09 [alert] 7506#7506: *195744 open socket #14 left in connection 8
2020/05/28 02:39:09 [alert] 7506#7506: aborting
2020/05/28 02:40:03 [notice] 23287#23287: signal process started
2020/05/31 12:39:40 [emerg] 22288#22288: cannot load certificate "/home/streamcreed/nginx/conf/server.crt": BIO_new_file() failed (SSL: error:02001002:system library:fopen:No such file or directory:fopen('/home/streamcreed/nginx/conf/server.crt','r') error:2006D080:BIO routines:BIO_new_file:no such file)
2020/05/31 12:40:17 [emerg] 24540#24540: cannot load certificate "/home/streamcreed/nginx/conf/server.crt": BIO_new_file() failed (SSL: error:02001002:system library:fopen:No such file or directory:fopen('/home/streamcreed/nginx/conf/server.crt','r') error:2006D080:BIO routines:BIO_new_file:no such file)
2020/05/31 12:40:33 [emerg] 25180#25180: cannot load certificate "/home/streamcreed/nginx/conf/server.crt": BIO_new_file() failed (SSL: error:02001002:system library:fopen:No such file or directory:fopen('/home/streamcreed/nginx/conf/server.crt','r') error:2006D080:BIO routines:BIO_new_file:no such file)
2020/05/31 12:40:51 [notice] 25951#25951: signal process started
2020/05/31 13:46:47 [emerg] 10660#10660: cannot load certificate "/home/streamcreed/nginx/conf/server.crt": PEM_read_bio_X509_AUX() failed (SSL: error:0909006C:PEM routines:get_name:no start line:Expecting: TRUSTED CERTIFICATE)
2020/05/31 13:47:13 [notice] 12559#12559: signal process started
2020/05/31 14:53:07 [emerg] 29087#29087: cannot load certificate "/home/streamcreed/nginx/conf/server.crt": PEM_read_bio_X509_AUX() failed (SSL: error:0909006C:PEM routines:get_name:no start line:Expecting: TRUSTED CERTIFICATE)
2020/05/31 14:53:47 [emerg] 31821#31821: cannot load certificate "/home/streamcreed/nginx/conf/server.crt": BIO_new_file() failed (SSL: error:02001002:system library:fopen:No such file or directory:fopen('/home/streamcreed/nginx/conf/server.crt','r') error:2006D080:BIO routines:BIO_new_file:no such file)
2020/05/31 14:54:42 [emerg] 1887#1887: cannot load certificate "/home/streamcreed/nginx/conf/server.crt": PEM_read_bio_X509_AUX() failed (SSL: error:0909006C:PEM routines:get_name:no start line:Expecting: TRUSTED CERTIFICATE)
2020/05/31 14:54:55 [emerg] 3017#3017: cannot load certificate "/home/streamcreed/nginx/conf/server.crt": BIO_new_file() failed (SSL: error:02001002:system library:fopen:No such file or directory:fopen('/home/streamcreed/nginx/conf/server.crt','r') error:2006D080:BIO routines:BIO_new_file:no such file)
2020/05/31 14:55:29 [emerg] 4673#4673: cannot load certificate "/home/streamcreed/nginx/conf/server.crt": PEM_read_bio_X509_AUX() failed (SSL: error:0909006C:PEM routines:get_name:no start line:Expecting: TRUSTED CERTIFICATE)
2020/05/31 14:55:44 [notice] 5840#5840: signal process started
2020/05/31 15:40:17 [emerg] 29821#29821: cannot load certificate "/home/streamcreed/nginx/conf/server.crt": BIO_new_file() failed (SSL: error:02001002:system library:fopen:No such file or directory:fopen('/home/streamcreed/nginx/conf/server.crt','r') error:2006D080:BIO routines:BIO_new_file:no such file)
2020/05/31 15:40:30 [emerg] 30920#30920: cannot load certificate "/home/streamcreed/nginx/conf/server.crt": BIO_new_file() failed (SSL: error:02001002:system library:fopen:No such file or directory:fopen('/home/streamcreed/nginx/conf/server.crt','r') error:2006D080:BIO routines:BIO_new_file:no such file)
2020/05/31 15:46:16 [emerg] 14689#14689: cannot load certificate "/home/streamcreed/nginx/conf/server.crt": BIO_new_file() failed (SSL: error:02001002:system library:fopen:No such file or directory:fopen('/home/streamcreed/nginx/conf/server.crt','r') error:2006D080:BIO routines:BIO_new_file:no such file)
2020/05/31 15:46:49 [notice] 16641#16641: signal process started
2020/06/01 01:01:26 [emerg] 1202#1202: unexpected "{" in /home/streamcreed/nginx/conf/nginx.conf:42
2020/06/01 01:01:27 [notice] 1216#1216: signal process started
2020/06/01 01:01:27 [notice] 1813#1813: signal process started
2020/06/01 01:01:27 [notice] 2357#2357: signal process started
2020/06/01 01:01:27 [emerg] 2912#2912: SSL_CTX_use_PrivateKey("/home/streamcreed/nginx/conf/server.key") failed (SSL: error:0B080074:x509 certificate routines:X509_check_private_key:key values mismatch)
2020/06/01 01:01:27 [emerg] 2935#2935: SSL_CTX_use_PrivateKey("/home/streamcreed/nginx/conf/server.key") failed (SSL: error:0B080074:x509 certificate routines:X509_check_private_key:key values mismatch)
2020/06/01 01:01:30 [notice] 3109#3109: signal process started
2020/06/01 01:02:01 [notice] 7387#7387: signal process started
2020/06/01 01:02:03 [notice] 8041#8041: signal process started
2020/06/01 01:08:30 [notice] 25782#25782: signal process started
2020/06/01 01:09:36 [notice] 30345#30345: signal process started
2020/06/01 01:09:37 [alert] 26433#26433: worker process 26447 exited on signal 6 (core dumped)
2020/06/01 01:09:38 [notice] 30918#30918: signal process started
2020/06/01 01:10:30 [alert] 26433#26433: worker process 30935 exited on signal 6 (core dumped)
2020/06/01 01:11:26 [notice] 4981#4981: signal process started
2020/06/01 01:20:49 [notice] 31726#31726: signal process started
2020/06/01 03:11:22 [emerg] 12339#12339: unexpected "{" in /home/streamcreed/nginx/conf/nginx.conf:42
2020/06/01 03:11:23 [notice] 12348#12348: signal process started
2020/06/01 03:11:23 [notice] 12901#12901: signal process started
2020/06/01 03:11:23 [notice] 13453#13453: signal process started
2020/06/01 03:11:24 [emerg] 32393#32393: SSL_CTX_use_PrivateKey("/home/streamcreed/nginx/conf/server.key") failed (SSL: error:0B080074:x509 certificate routines:X509_check_private_key:key values mismatch)
2020/06/01 03:11:24 [emerg] 13457#13457: SSL_CTX_use_PrivateKey("/home/streamcreed/nginx/conf/server.key") failed (SSL: error:0B080074:x509 certificate routines:X509_check_private_key:key values mismatch)
2020/06/01 03:11:24 [emerg] 13461#13461: SSL_CTX_use_PrivateKey("/home/streamcreed/nginx/conf/server.key") failed (SSL: error:0B080074:x509 certificate routines:X509_check_private_key:key values mismatch)
2020/06/01 03:11:27 [notice] 13667#13667: signal process started
2020/06/01 03:12:02 [notice] 17746#17746: signal process started
2020/06/01 03:12:03 [notice] 18320#18320: signal process started
2020/06/01 03:14:37 [emerg] 27012#27012: unexpected "{" in /home/streamcreed/nginx/conf/nginx.conf:42
2020/06/01 03:14:38 [notice] 27107#27107: signal process started
2020/06/01 03:14:39 [notice] 27644#27644: signal process started
2020/06/01 03:14:39 [notice] 28177#28177: signal process started
2020/06/01 03:14:39 [emerg] 28709#28709: SSL_CTX_use_PrivateKey("/home/streamcreed/nginx/conf/server.key") failed (SSL: error:0B080074:x509 certificate routines:X509_check_private_key:key values mismatch)
2020/06/01 03:14:39 [emerg] 28712#28712: SSL_CTX_use_PrivateKey("/home/streamcreed/nginx/conf/server.key") failed (SSL: error:0B080074:x509 certificate routines:X509_check_private_key:key values mismatch)
2020/06/01 03:14:42 [notice] 28937#28937: signal process started
2020/06/01 03:15:02 [notice] 32206#32206: signal process started
2020/06/01 03:15:03 [notice] 409#409: signal process started
2020/06/01 03:28:28 [notice] 5473#5473: signal process started
2020/06/01 03:28:28 [alert] 8654#8654: worker process 8661 exited on signal 6 (core dumped)
2020/06/01 03:31:02 [notice] 15024#15024: signal process started
2020/06/01 03:33:15 [emerg] 22918#22918: cannot load certificate "/etc/letsencrypt/live/strong-livetv.com/fullchain.pem": BIO_new_file() failed (SSL: error:02001002:system library:fopen:No such file or directory:fopen('/etc/letsencrypt/live/strong-livetv.com/fullchain.pem','r') error:2006D080:BIO routines:BIO_new_file:no such file)
2020/06/01 03:33:56 [notice] 25089#25089: signal process started
2020/06/01 03:44:22 [notice] 22258#22258: signal process started
2020/06/01 03:45:21 [notice] 27150#27150: signal process started
2020/06/01 03:45:23 [alert] 23582#23582: *2583 open socket #29 left in connection 31
2020/06/01 03:45:23 [alert] 23582#23582: aborting
2020/06/01 03:45:39 [notice] 30001#30001: signal process started
2020/06/01 03:45:40 [alert] 28384#28384: *79 open socket #29 left in connection 7
2020/06/01 03:45:40 [alert] 28384#28384: aborting
2020/06/01 03:45:57 [notice] 503#503: signal process started
2020/06/01 03:45:59 [alert] 31299#31299: *76 open socket #39 left in connection 14
2020/06/01 03:45:59 [alert] 31299#31299: aborting
